%!Adobe-FontList 1.22
%Locale:0x409

%BeginFont
Handler:DirectoryHandler
FontType:Invalid
OutlineFileName:/Users/atrichter/github/richter-website/original_files/resume/richterResume Folder/Document fonts/AdobeFnt22.lst
FileLength:5610
FileModTime:666233857
%EndFont

%BeginFont
Handler:DirectoryHandler
FontType:TrueType
FontName:Barlow-ExtraBold
FamilyName:Barlow
StyleName:ExtraBold
MenuName:Barlow ExtraBold
StyleBits:0
WeightClass:800
WidthClass:5
AngleClass:0
FullName:Barlow ExtraBold
WritingScript:Roman
OutlineFileName:/Users/atrichter/github/richter-website/original_files/resume/richterResume Folder/Document fonts/Barlow-ExtraBold.ttf
DataFormat:sfntData
hasSVG:no
VariableFontType:NonVariableFont
FileLength:104376
FileModTime:649122503
NameArray:0,Win,1,Barlow ExtraBold
NameArray:0,Win,16,Barlow
%EndFont

%BeginFont
Handler:DirectoryHandler
FontType:TrueType
FontName:Barlow-ExtraBoldItalic
FamilyName:Barlow
StyleName:ExtraBold Italic
MenuName:Barlow ExtraBold
StyleBits:1
WeightClass:800
WidthClass:5
AngleClass:1
FullName:Barlow ExtraBold Italic
WritingScript:Roman
OutlineFileName:/Users/atrichter/github/richter-website/original_files/resume/richterResume Folder/Document fonts/Barlow-ExtraBoldItalic.ttf
DataFormat:sfntData
hasSVG:no
VariableFontType:NonVariableFont
FileLength:107144
FileModTime:649122503
NameArray:0,Win,1,Barlow ExtraBold
NameArray:0,Win,16,Barlow
%EndFont

%BeginFont
Handler:DirectoryHandler
FontType:TrueType
FontName:Barlow-ExtraLight
FamilyName:Barlow
StyleName:ExtraLight
MenuName:Barlow ExtraLight
StyleBits:0
WeightClass:275
WidthClass:5
AngleClass:0
FullName:Barlow ExtraLight
WritingScript:Roman
OutlineFileName:/Users/atrichter/github/richter-website/original_files/resume/richterResume Folder/Document fonts/Barlow-ExtraLight.ttf
DataFormat:sfntData
hasSVG:no
VariableFontType:NonVariableFont
FileLength:96608
FileModTime:649122501
NameArray:0,Win,1,Barlow ExtraLight
NameArray:0,Win,16,Barlow
%EndFont

%BeginFont
Handler:DirectoryHandler
FontType:TrueType
FontName:Barlow-ExtraLightItalic
FamilyName:Barlow
StyleName:ExtraLight Italic
MenuName:Barlow ExtraLight
StyleBits:1
WeightClass:275
WidthClass:5
AngleClass:1
FullName:Barlow ExtraLight Italic
WritingScript:Roman
OutlineFileName:/Users/atrichter/github/richter-website/original_files/resume/richterResume Folder/Document fonts/Barlow-ExtraLightItalic.ttf
DataFormat:sfntData
hasSVG:no
VariableFontType:NonVariableFont
FileLength:102044
FileModTime:649122501
NameArray:0,Win,1,Barlow ExtraLight
NameArray:0,Win,16,Barlow
%EndFont

%BeginFont
Handler:DirectoryHandler
FontType:TrueType
FontName:Barlow-Light
FamilyName:Barlow
StyleName:Light
MenuName:Barlow Light
StyleBits:0
WeightClass:300
WidthClass:5
AngleClass:0
FullName:Barlow Light
WritingScript:Roman
OutlineFileName:/Users/atrichter/github/richter-website/original_files/resume/richterResume Folder/Document fonts/Barlow-Light.ttf
DataFormat:sfntData
hasSVG:no
VariableFontType:NonVariableFont
FileLength:97464
FileModTime:649122501
NameArray:0,Win,1,Barlow Light
NameArray:0,Win,16,Barlow
%EndFont

%BeginFont
Handler:DirectoryHandler
FontType:TrueType
FontName:Barlow-LightItalic
FamilyName:Barlow
StyleName:Light Italic
MenuName:Barlow Light
StyleBits:1
WeightClass:300
WidthClass:5
AngleClass:1
FullName:Barlow Light Italic
WritingScript:Roman
OutlineFileName:/Users/atrichter/github/richter-website/original_files/resume/richterResume Folder/Document fonts/Barlow-LightItalic.ttf
DataFormat:sfntData
hasSVG:no
VariableFontType:NonVariableFont
FileLength:103064
FileModTime:649122502
NameArray:0,Win,1,Barlow Light
NameArray:0,Win,16,Barlow
%EndFont

%BeginFont
Handler:DirectoryHandler
FontType:TrueType
FontName:Barlow-Medium
FamilyName:Barlow
StyleName:Medium
MenuName:Barlow Medium
StyleBits:0
WeightClass:500
WidthClass:5
AngleClass:0
FullName:Barlow Medium
WritingScript:Roman
OutlineFileName:/Users/atrichter/github/richter-website/original_files/resume/richterResume Folder/Document fonts/Barlow-Medium.ttf
DataFormat:sfntData
hasSVG:no
VariableFontType:NonVariableFont
FileLength:97776
FileModTime:649122502
NameArray:0,Win,1,Barlow Medium
NameArray:0,Win,16,Barlow
%EndFont

%BeginFont
Handler:DirectoryHandler
FontType:TrueType
FontName:Barlow-MediumItalic
FamilyName:Barlow
StyleName:Medium Italic
MenuName:Barlow Medium
StyleBits:1
WeightClass:500
WidthClass:5
AngleClass:1
FullName:Barlow Medium Italic
WritingScript:Roman
OutlineFileName:/Users/atrichter/github/richter-website/original_files/resume/richterResume Folder/Document fonts/Barlow-MediumItalic.ttf
DataFormat:sfntData
hasSVG:no
VariableFontType:NonVariableFont
FileLength:103376
FileModTime:649122502
NameArray:0,Win,1,Barlow Medium
NameArray:0,Win,16,Barlow
%EndFont

%BeginFont
Handler:DirectoryHandler
FontType:TrueType
FontName:Barlow-SemiBold
FamilyName:Barlow
StyleName:SemiBold
MenuName:Barlow SemiBold
StyleBits:0
WeightClass:600
WidthClass:5
AngleClass:0
FullName:Barlow SemiBold
WritingScript:Roman
OutlineFileName:/Users/atrichter/github/richter-website/original_files/resume/richterResume Folder/Document fonts/Barlow-SemiBold.ttf
DataFormat:sfntData
hasSVG:no
VariableFontType:NonVariableFont
FileLength:102548
FileModTime:649122502
NameArray:0,Win,1,Barlow SemiBold
NameArray:0,Win,16,Barlow
%EndFont

%BeginFont
Handler:DirectoryHandler
FontType:TrueType
FontName:Barlow-SemiBoldItalic
FamilyName:Barlow
StyleName:SemiBold Italic
MenuName:Barlow SemiBold
StyleBits:1
WeightClass:600
WidthClass:5
AngleClass:1
FullName:Barlow SemiBold Italic
WritingScript:Roman
OutlineFileName:/Users/atrichter/github/richter-website/original_files/resume/richterResume Folder/Document fonts/Barlow-SemiBoldItalic.ttf
DataFormat:sfntData
hasSVG:no
VariableFontType:NonVariableFont
FileLength:105904
FileModTime:649122502
NameArray:0,Win,1,Barlow SemiBold
NameArray:0,Win,16,Barlow
%EndFont

