%!Adobe-FontList 1.20
%Locale:0x409

%BeginFont
Handler:DirectoryHandler
FontType:Invalid
OutlineFileName:/Users/atrichter624/Desktop/Design II/10-Sell/RichterPacket/Document fonts/AdobeFnt21.lst
FileLength:2294
FileModTime:597004264
%EndFont

%BeginFont
Handler:DirectoryHandler
FontType:TrueType
FontName:Barlow-MediumItalic
FamilyName:Barlow
StyleName:Medium Italic
MenuName:Barlow Medium
StyleBits:1
WeightClass:500
WidthClass:5
AngleClass:1
FullName:Barlow Medium Italic
WritingScript:Roman
OutlineFileName:/Users/atrichter624/Desktop/Design II/10-Sell/RichterPacket/Document fonts/Barlow-MediumItalic.ttf
DataFormat:sfntData
hasSVG:no
VariableFontType:NonVariableFont
FileLength:91284
FileModTime:530686800
NameArray:0,Mac,4,Barlow Medium Italic
NameArray:0,Win,1,Barlow Medium
NameArray:0,Win,16,Barlow
%EndFont

%BeginFont
Handler:DirectoryHandler
FontType:TrueType
FontName:Barlow-ExtraLightItalic
FamilyName:Barlow
StyleName:ExtraLight Italic
MenuName:Barlow ExtraLight
StyleBits:1
WeightClass:275
WidthClass:5
AngleClass:1
FullName:Barlow ExtraLight Italic
WritingScript:Roman
OutlineFileName:/Users/atrichter624/Desktop/Design II/10-Sell/RichterPacket/Document fonts/Barlow-ExtraLightItalic.ttf
DataFormat:sfntData
hasSVG:no
VariableFontType:NonVariableFont
FileLength:88880
FileModTime:530686800
NameArray:0,Mac,4,Barlow ExtraLight Italic
NameArray:0,Win,1,Barlow ExtraLight
NameArray:0,Win,16,Barlow
%EndFont

%BeginFont
Handler:DirectoryHandler
FontType:TrueType
FontName:Barlow-LightItalic
FamilyName:Barlow
StyleName:Light Italic
MenuName:Barlow Light
StyleBits:1
WeightClass:300
WidthClass:5
AngleClass:1
FullName:Barlow Light Italic
WritingScript:Roman
OutlineFileName:/Users/atrichter624/Desktop/Design II/10-Sell/RichterPacket/Document fonts/Barlow-LightItalic.ttf
DataFormat:sfntData
hasSVG:no
VariableFontType:NonVariableFont
FileLength:91224
FileModTime:530686800
NameArray:0,Mac,4,Barlow Light Italic
NameArray:0,Win,1,Barlow Light
NameArray:0,Win,16,Barlow
%EndFont

%BeginFont
Handler:DirectoryHandler
FontType:TrueType
FontName:Barlow-Regular
FamilyName:Barlow
StyleName:Regular
MenuName:Barlow
StyleBits:0
WeightClass:400
WidthClass:5
AngleClass:0
FullName:Barlow Regular
WritingScript:Roman
OutlineFileName:/Users/atrichter624/Desktop/Design II/10-Sell/RichterPacket/Document fonts/Barlow-Regular.ttf
DataFormat:sfntData
hasSVG:no
VariableFontType:NonVariableFont
FileLength:85664
FileModTime:530686800
NameArray:0,Mac,4,Barlow Regular
NameArray:0,Win,1,Barlow
%EndFont

